Compilación iniciada a las 16/07/2015 05:03:34 p.m..
     1>Proyecto "C:\Users\Cristian\Documents\Visual Studio 2010\Projects\Nodo\Nodo\Nodo.vcxproj" en el nodo 2 (build destinos).
     1>InitializeBuildStatus:
         Se creará "Debug\blockbuster.unsuccessfulbuild" porque se especificó "AlwaysCreate".
       ClCompile:
         C:\Program Files (x86)\Microsoft Visual Studio 10.0\VC\bin\CL.exe /c /ZI /nologo /W3 /WX- /Od /Oy- /D WIN32 /D _DEBUG /D _CONSOLE /D _UNICODE /D UNICODE /Gm /EHsc /RTC1 /MDd /GS /fp:precise /Zc:wchar_t /Zc:forScope /Fo"Debug\\" /Fd"Debug\vc100.pdb" /Gd /TP /analyze- /errorReport:prompt menu.cpp
         menu.cpp
       ManifestResourceCompile:
         Todas las salidas están actualizadas.
       Link:
         C:\Program Files (x86)\Microsoft Visual Studio 10.0\VC\bin\link.exe /ERRORREPORT:PROMPT /OUT:"C:\Users\Cristian\Documents\Visual Studio 2010\Projects\Nodo\Debug\blockbuster.exe" /INCREMENTAL /NOLOGO kernel32.lib user32.lib gdi32.lib winspool.lib comdlg32.lib advapi32.lib shell32.lib ole32.lib oleaut32.lib uuid.lib odbc32.lib odbccp32.lib /MANIFEST /ManifestFile:"Debug\blockbuster.exe.intermediate.manifest" /MANIFESTUAC:"level='asInvoker' uiAccess='false'" /DEBUG /PDB:"C:\Users\Cristian\Documents\Visual Studio 2010\Projects\Nodo\Debug\blockbuster.pdb" /SUBSYSTEM:CONSOLE /TLBID:1 /DYNAMICBASE /NXCOMPAT /IMPLIB:"C:\Users\Cristian\Documents\Visual Studio 2010\Projects\Nodo\Debug\blockbuster.lib" /MACHINE:X86 Debug\blockbuster.exe.embed.manifest.res
         Debug\List.obj
         Debug\main.obj
         Debug\menu.obj
         Debug\Nodo.obj
       Manifest:
         C:\Program Files (x86)\Microsoft SDKs\Windows\v7.0A\bin\mt.exe /nologo /verbose /out:"Debug\blockbuster.exe.embed.manifest" /manifest Debug\blockbuster.exe.intermediate.manifest
         Todas las salidas están actualizadas.
       LinkEmbedManifest:
         Todas las salidas están actualizadas.
         Nodo.vcxproj -> C:\Users\Cristian\Documents\Visual Studio 2010\Projects\Nodo\Debug\blockbuster.exe
       FinalizeBuildStatus:
         Se eliminará el archivo "Debug\blockbuster.unsuccessfulbuild".
         Aplicando tarea Touch a "Debug\blockbuster.lastbuildstate".
     1>Compilación del proyecto terminada "C:\Users\Cristian\Documents\Visual Studio 2010\Projects\Nodo\Nodo\Nodo.vcxproj" (build destinos).

Compilación correcta.

Tiempo transcurrido 00:00:03.11
